0 info it worked if it ends with ok
1 verbose cli [ '/usr/local/Cellar/node/7.4.0/bin/node',
1 verbose cli   '/usr/local/bin/npm',
1 verbose cli   'run',
1 verbose cli   'test' ]
2 info using npm@4.0.5
3 info using node@v7.4.0
4 verbose run-script [ 'pretest', 'test', 'posttest' ]
5 info lifecycle decimal.js@9.0.1~pretest: decimal.js@9.0.1
6 silly lifecycle decimal.js@9.0.1~pretest: no script for pretest, continuing
7 info lifecycle decimal.js@9.0.1~test: decimal.js@9.0.1
8 verbose lifecycle decimal.js@9.0.1~test: unsafe-perm in lifecycle true
9 verbose lifecycle decimal.js@9.0.1~test: PATH: /usr/local/lib/node_modules/npm/bin/node-gyp-bin:/Users/julius/Documents/Scripts/JS/decimal.js/node_modules/.bin:/Applications/Wine Stable.app/Contents/Resources/start/bin:/Applications/Wine Stable.app/Contents/Resources/wine/bin:/Users/julius/miniconda2/bin:/usr/bin:/bin:/usr/sbin:/sbin:/usr/local/bin:/Library/TeX/texbin:/opt/X11/bin
10 verbose lifecycle decimal.js@9.0.1~test: CWD: /Users/julius/Documents/Scripts/JS/decimal.js
11 silly lifecycle decimal.js@9.0.1~test: Args: [ '-c', 'node ./test/test.js' ]
12 silly lifecycle decimal.js@9.0.1~test: Returned: code: 1  signal: null
13 info lifecycle decimal.js@9.0.1~test: Failed to exec test script
14 verbose stack Error: decimal.js@9.0.1 test: `node ./test/test.js`
14 verbose stack Exit status 1
14 verbose stack     at EventEmitter.<anonymous> (/usr/local/lib/node_modules/npm/lib/utils/lifecycle.js:279:16)
14 verbose stack     at emitTwo (events.js:106:13)
14 verbose stack     at EventEmitter.emit (events.js:191:7)
14 verbose stack     at ChildProcess.<anonymous> (/usr/local/lib/node_modules/npm/lib/utils/spawn.js:40:14)
14 verbose stack     at emitTwo (events.js:106:13)
14 verbose stack     at ChildProcess.emit (events.js:191:7)
14 verbose stack     at maybeClose (internal/child_process.js:885:16)
14 verbose stack     at Process.ChildProcess._handle.onexit (internal/child_process.js:226:5)
15 verbose pkgid decimal.js@9.0.1
16 verbose cwd /Users/julius/Documents/Scripts/JS/decimal.js
17 error Darwin 17.3.0
18 error argv "/usr/local/Cellar/node/7.4.0/bin/node" "/usr/local/bin/npm" "run" "test"
19 error node v7.4.0
20 error npm  v4.0.5
21 error code ELIFECYCLE
22 error decimal.js@9.0.1 test: `node ./test/test.js`
22 error Exit status 1
23 error Failed at the decimal.js@9.0.1 test script 'node ./test/test.js'.
23 error Make sure you have the latest version of node.js and npm installed.
23 error If you do, this is most likely a problem with the decimal.js package,
23 error not with npm itself.
23 error Tell the author that this fails on your system:
23 error     node ./test/test.js
23 error You can get information on how to open an issue for this project with:
23 error     npm bugs decimal.js
23 error Or if that isn't available, you can get their info via:
23 error     npm owner ls decimal.js
23 error There is likely additional logging output above.
24 verbose exit [ 1, true ]
